<?xml version="1.0" encoding="utf-8"?><testsuites name="pytest tests"><testsuite name="pytest" errors="0" failures="6" skipped="0" tests="31" time="5.907" timestamp="2026-08-19T17:21:18.624451+00:00" hostname="agent-env-44f3ab89-fefb-4879-ac6f-7e5fcbd5d204"><testcase classname="tests.test_new_features.TestPurchases" name="test_purchase_increases_stock_and_sets_cost" time="1.158"><failure message="KeyError: 'stock'">tests/test_new_features.py:112: in test_purchase_increases_stock_and_sets_cost
    assert g["stock"] == 15, f"stock not incremented: {g['stock']}"
           ^^^^^^^^^^
E   KeyError: 'stock'</failure></testcase><testcase classname="tests.test_new_features.TestProductCost" name="test_create_fnb_product_with_cost_persists" time="1.293"><failure message="AssertionError: {&quot;detail&quot;:&quot;Method Not Allowed&quot;}&#10;assert 405 == 200&#10; +  where 405 = &lt;Response [405]&gt;.status_code">tests/test_new_features.py:56: in test_create_fnb_product_with_cost_persists
    assert g.status_code == 200, g.text
E   AssertionError: {"detail":"Method Not Allowed"}
E   assert 405 == 200
E    +  where 405 = &lt;Response [405]&gt;.status_code</failure></testcase><testcase classname="tests.test_new_features.TestPurchases" name="test_purchase_rejected_for_non_retail" time="0.198" /><testcase classname="tests.test_new_features.TestProductCost" name="test_create_retail_product_with_cost" time="0.084" /><testcase classname="tests.test_new_features.TestPurchases" name="test_purchase_invalid_qty_rejected" time="0.248" /><testcase classname="tests.test_new_features.TestProductCost" name="test_negative_cost_rejected_on_create" time="0.108" /><testcase classname="tests.test_new_features.TestProductCost" name="test_negative_cost_rejected_on_update" time="0.137" /><testcase classname="tests.test_new_features.TestPurchases" name="test_purchase_unknown_product_404" time="0.133" /><testcase classname="tests.test_new_features.TestProductCost" name="test_update_cost_persists" time="0.261"><failure message="KeyError: 'cost'">tests/test_new_features.py:88: in test_update_cost_persists
    assert g["cost"] == 4500 and g["price"] == 9000
           ^^^^^^^^^
E   KeyError: 'cost'</failure></testcase><testcase classname="tests.test_new_features.TestPurchases" name="test_purchase_list_today" time="0.210" /><testcase classname="tests.test_new_features.TestProductCost" name="test_products_list_returns_cost" time="0.080" /><testcase classname="tests.test_new_features.TestStockOpname" name="test_opname_sets_stock_and_records_diff" time="0.392"><failure message="KeyError: 'stock'">tests/test_new_features.py:161: in test_opname_sets_stock_and_records_diff
    assert g["stock"] == 17, f"stock not set: {g['stock']}"
           ^^^^^^^^^^
E   KeyError: 'stock'</failure></testcase><testcase classname="tests.test_new_features.TestPurchases" name="test_purchase_kasir_forbidden" time="0.615" /><testcase classname="tests.test_new_features.TestStockOpname" name="test_opname_positive_diff" time="0.288"><failure message="KeyError: 'stock'">tests/test_new_features.py:167: in test_opname_positive_diff
    assert admin.get(f"{API}/products/{p['id']}", timeout=30).json()["stock"] == 9
           ^^^^^^^^^^^^^^^^^^^^^^^^^^^^^^^^^^^^^^^^^^^^^^^^^^^^^^^^^^^^^^^^^^
E   KeyError: 'stock'</failure></testcase><testcase classname="tests.test_new_features.TestPurchases" name="test_purchase_requires_auth" time="0.136" /><testcase classname="tests.test_new_features.TestStockOpname" name="test_opname_rejected_for_non_retail" time="0.244" /><testcase classname="tests.test_new_features.TestCashMovements" name="test_cash_in_and_out_totals" time="0.270" /><testcase classname="tests.test_new_features.TestStockOpname" name="test_opname_negative_count_rejected" time="0.195" /><testcase classname="tests.test_new_features.TestCashMovements" name="test_cash_invalid_amount_rejected" time="0.181" /><testcase classname="tests.test_new_features.TestStockOpname" name="test_opname_list_today" time="0.275" /><testcase classname="tests.test_new_features.TestCashMovements" name="test_cash_invalid_type_rejected" time="0.062" /><testcase classname="tests.test_new_features.TestCashMovements" name="test_cash_kasir_allowed" time="0.169" /><testcase classname="tests.test_new_features.TestCashMovements" name="test_cash_requires_auth" time="0.376" /><testcase classname="tests.test_new_features.TestStockOpname" name="test_opname_kasir_forbidden" time="0.548" /><testcase classname="tests.test_new_features.TestCashMovements" name="test_cash_other_day_empty_or_scoped" time="0.067" /><testcase classname="tests.test_new_features.TestWIBTimezone" name="test_endpoints_use_wib_today" time="0.137" /><testcase classname="tests.test_new_features.TestGrossProfitReport" name="test_summary_has_new_fields" time="0.083" /><testcase classname="tests.test_new_features.TestWIBTimezone" name="test_cash_created_today_is_in_wib_bucket" time="0.206" /><testcase classname="tests.test_new_features.TestGrossProfitReport" name="test_paid_order_contributes_cost_and_profit" time="0.441"><failure message="AssertionError: {&quot;detail&quot;:[{&quot;type&quot;:&quot;missing&quot;,&quot;loc&quot;:[&quot;body&quot;,&quot;payment_method&quot;],&quot;msg&quot;:&quot;Field required&quot;,&quot;input&quot;:{&quot;payment_method_id&quot;:&quot;08368893-ecb0-4339-9d5c-6b8e0593c8a3&quot;,&quot;amount_paid&quot;:60000.0},&quot;url&quot;:&quot;https://errors.pydantic.dev/2.13/v/missing&quot;}]}&#10;assert 422 == 200&#10; +  where 422 = &lt;Response [422]&gt;.status_code">tests/test_new_features.py:269: in test_paid_order_contributes_cost_and_profit
    assert pay.status_code == 200, pay.text
E   AssertionError: {"detail":[{"type":"missing","loc":["body","payment_method"],"msg":"Field required","input":{"payment_method_id":"08368893-ecb0-4339-9d5c-6b8e0593c8a3","amount_paid":60000.0},"url":"https://errors.pydantic.dev/2.13/v/missing"}]}
E   assert 422 == 200
E    +  where 422 = &lt;Response [422]&gt;.status_code</failure></testcase><testcase classname="tests.test_new_features.TestWIBTimezone" name="test_orders_date_filter_wib" time="0.467" /><testcase classname="tests.test_new_features.TestGrossProfitReport" name="test_summary_kasir_forbidden" time="0.818" /></testsuite></testsuites>