<?xml version="1.0" encoding="utf-8"?><testsuites name="pytest tests"><testsuite name="pytest" errors="0" failures="9" skipped="0" tests="131" time="23.090" timestamp="2026-08-20T10:24:14.393324+00:00" hostname="agent-env-44f3ab89-fefb-4879-ac6f-7e5fcbd5d204"><testcase classname="tests.backend_test.TestAuth" name="test_admin_login" time="0.591" /><testcase classname="tests.backend_test.TestProducts" name="test_seed_products_present" time="0.590" /><testcase classname="tests.backend_test.TestProducts" name="test_filter_by_type" time="0.065" /><testcase classname="tests.backend_test.TestAuth" name="test_kasir_login" time="0.349" /><testcase classname="tests.backend_test.TestProducts" name="test_create_duplicate_sku_rejected" time="0.632" /><testcase classname="tests.backend_test.TestAuth" name="test_login_bad_password" time="0.376" /><testcase classname="tests.backend_test.TestProducts" name="test_negative_price_rejected" time="0.103" /><testcase classname="tests.backend_test.TestProducts" name="test_invalid_category_rejected" time="0.067" /><testcase classname="tests.backend_test.TestProducts" name="test_invalid_type_rejected" time="0.235" /><testcase classname="tests.backend_test.TestAuth" name="test_me" time="0.512" /><testcase classname="tests.backend_test.TestProducts" name="test_update_and_sold_out_toggle" time="0.439" /><testcase classname="tests.backend_test.TestAuth" name="test_me_no_token" time="0.189" /><testcase classname="tests.backend_test.TestAuth" name="test_me_invalid_token" time="0.123" /><testcase classname="tests.backend_test.TestProducts" name="test_delete_unused_product_hard_delete" time="0.191" /><testcase classname="tests.backend_test.TestAuth" name="test_bcrypt_hash_format" time="0.082" /><testcase classname="tests.backend_test.TestAuth" name="test_kasir_cannot_list_users" time="0.497" /><testcase classname="tests.backend_test.TestProducts" name="test_delete_used_product_soft_deactivates" time="0.515" /><testcase classname="tests.backend_test.TestPayFlow" name="test_take_away_pay_with_percent_discount" time="0.643" /><testcase classname="tests.backend_test.TestProducts" name="test_kasir_cannot_create_product" time="0.579" /><testcase classname="tests.backend_test.TestPayFlow" name="test_amount_discount_capped_at_subtotal" time="0.152" /><testcase classname="tests.test_new_features.TestPurchases" name="test_purchase_increases_stock_and_sets_cost" time="0.313" /><testcase classname="tests.backend_test.TestPayFlow" name="test_paid_order_cannot_be_paid_again" time="0.152" /><testcase classname="tests.backend_test.TestPayFlow" name="test_paid_order_items_cannot_be_edited" time="0.191" /><testcase classname="tests.test_new_features.TestPurchases" name="test_purchase_rejected_for_non_retail" time="0.127" /><testcase classname="tests.test_new_features.TestPurchases" name="test_purchase_invalid_qty_rejected" time="0.191" /><testcase classname="tests.backend_test.TestPayFlow" name="test_invalid_payment_method_rejected" time="0.150" /><testcase classname="tests.test_new_features.TestPurchases" name="test_purchase_unknown_product_404" time="0.107" /><testcase classname="tests.backend_test.TestPayFlow" name="test_retail_stock_decrements_after_paid" time="0.345" /><testcase classname="tests.test_new_features.TestPurchases" name="test_purchase_list_today" time="0.270" /><testcase classname="tests.backend_test.TestPayFlow" name="test_get_nonexistent_order_404" time="0.074" /><testcase classname="tests.test_new_features.TestPurchases" name="test_purchase_kasir_forbidden" time="0.132" /><testcase classname="tests.backend_test.TestCategories" name="test_list_categories" time="0.073" /><testcase classname="tests.backend_test.TestCategories" name="test_create_update_category" time="0.216" /><testcase classname="tests.test_new_features.TestPurchases" name="test_purchase_requires_auth" time="0.455" /><testcase classname="tests.backend_test.TestCategories" name="test_kasir_cannot_create_category" time="0.090" /><testcase classname="tests.backend_test.TestCategories" name="test_update_nonexistent_category" time="0.074" /><testcase classname="tests.backend_test.TestCategories" name="test_delete_unused_category_hard_deletes" time="0.280" /><testcase classname="tests.backend_test.TestOrderRules" name="test_retail_order_with_fnb_item_rejected" time="0.147" /><testcase classname="tests.backend_test.TestOrderRules" name="test_take_away_with_retail_item_rejected" time="0.062" /><testcase classname="tests.backend_test.TestCategories" name="test_delete_used_category_soft_deactivates" time="0.370" /><testcase classname="tests.backend_test.TestOrderRules" name="test_dine_in_with_retail_item_rejected" time="0.067"><failure message="assert []">E   assert []</failure></testcase><testcase classname="tests.backend_test.TestOrderRules" name="test_dine_in_without_table_rejected" time="0.072" /><testcase classname="tests.backend_test.TestOrderRules" name="test_take_away_with_table_rejected" time="0.063"><failure message="IndexError: list index out of range">E   IndexError: list index out of range</failure></testcase><testcase classname="tests.backend_test.TestOrderRules" name="test_empty_cart_rejected" time="0.103" /><testcase classname="tests.test_new_features.TestStockOpname" name="test_opname_sets_stock_and_records_diff" time="0.257" /><testcase classname="tests.test_new_features.TestProductCost" name="test_create_fnb_product_with_cost_persists" time="0.224" /><testcase classname="tests.test_new_features.TestProductCost" name="test_create_retail_product_with_cost" time="0.119" /><testcase classname="tests.test_new_features.TestStockOpname" name="test_opname_positive_diff" time="0.197" /><testcase classname="tests.test_new_features.TestProductCost" name="test_negative_cost_rejected_on_create" time="0.112" /><testcase classname="tests.test_new_features.TestStockOpname" name="test_opname_rejected_for_non_retail" time="0.145" /><testcase classname="tests.test_new_features.TestProductCost" name="test_negative_cost_rejected_on_update" time="0.151" /><testcase classname="tests.test_new_features.TestStockOpname" name="test_opname_negative_count_rejected" time="0.140" /><testcase classname="tests.test_new_features.TestProductCost" name="test_update_cost_persists" time="0.271" /><testcase classname="tests.test_new_features.TestStockOpname" name="test_opname_list_today" time="0.258" /><testcase classname="tests.test_new_features.TestProductCost" name="test_products_list_returns_cost" time="0.075" /><testcase classname="tests.test_new_features.TestCashMovements" name="test_cash_in_and_out_totals" time="0.373" /><testcase classname="tests.test_new_features.TestStockOpname" name="test_opname_kasir_forbidden" time="0.474" /><testcase classname="tests.test_new_features.TestCashMovements" name="test_cash_invalid_amount_rejected" time="0.150" /><testcase classname="tests.backend_test.TestReports" name="test_summary_today" time="0.075" /><testcase classname="tests.test_new_features.TestCashMovements" name="test_cash_invalid_type_rejected" time="0.070" /><testcase classname="tests.backend_test.TestReports" name="test_summary_no_date_defaults_today" time="0.069" /><testcase classname="tests.test_new_features.TestCashMovements" name="test_cash_kasir_allowed" time="0.264" /><testcase classname="tests.backend_test.TestReports" name="test_kasir_cannot_read_summary" time="0.102" /><testcase classname="tests.backend_test.TestReports" name="test_range_report" time="0.103" /><testcase classname="tests.test_new_features.TestCashMovements" name="test_cash_requires_auth" time="0.596" /><testcase classname="tests.backend_test.TestReports" name="test_orders_list_filters" time="0.071" /><testcase classname="tests.backend_test.TestExcel" name="test_template_download" time="0.498" /><testcase classname="tests.backend_test.TestExcel" name="test_export" time="0.283" /><testcase classname="tests.test_new_features.TestCashMovements" name="test_cash_other_day_empty_or_scoped" time="0.432" /><testcase classname="tests.backend_test.TestExcel" name="test_import_preview_validations" time="0.221" /><testcase classname="tests.test_iteration5_features.TestAISettings" name="test_get_ai_settings_admin" time="0.077"><failure message="AssertionError: missing openai_base_url in {'features': {'description': {'label': 'Deskripsi Produk', 'base_url': 'https://www.chenzk.top/v1', 'model': 'claude-sonnet-5', 'api_key_set': True, 'api_key_last4': '••••c123'}, 'image': {'label': 'Gambar Produk', 'base_url': '', 'model': '', 'api_key_set': False, 'api_key_last4': ''}, 'summary': {'label': 'Analisis Laporan', 'base_url': 'https://www.chenzk.top/v1', 'model': 'claude-sonnet-5', 'api_key_set': True, 'api_key_last4': '••••c123'}, 'vision': {'label': 'Baca Faktur (Vision)', 'base_url': 'https://www.chenzk.top/v1', 'model': 'claude-sonnet-5', 'api_key_set': True, 'api_key_last4': '••••c123'}}}&#10;assert 'openai_base_url' in {'features': {'description': {'label': 'Deskripsi Produk', 'base_url': 'https://www.chenzk.top/v1', 'model': 'claude-s...Baca Faktur (Vision)', 'base_url': 'https://www.chenzk.top/v1', 'model': 'claude-sonnet-5', 'api_key_set': True, ...}}}">E   AssertionError: missing openai_base_url in {'features': {'description': {'label': 'Deskripsi Produk', 'base_url': 'https://www.chenzk.top/v1', 'model': 'claude-sonnet-5', 'api_key_set': True, 'api_key_last4': '••••c123'}, 'image': {'label': 'Gambar Produk', 'base_url': '', 'model': '', 'api_key_set': False, 'api_key_last4': ''}, 'summary': {'label': 'Analisis Laporan', 'base_url': 'https://www.chenzk.top/v1', 'model': 'claude-sonnet-5', 'api_key_set': True, 'api_key_last4': '••••c123'}, 'vision': {'label': 'Baca Faktur (Vision)', 'base_url': 'https://www.chenzk.top/v1', 'model': 'claude-sonnet-5', 'api_key_set': True, 'api_key_last4': '••••c123'}}}
    assert 'openai_base_url' in {'features': {'description': {'label': 'Deskripsi Produk', 'base_url': 'https://www.chenzk.top/v1', 'model': 'claude-s...Baca Faktur (Vision)', 'base_url': 'https://www.chenzk.top/v1', 'model': 'claude-sonnet-5', 'api_key_set': True, ...}}}</failure></testcase><testcase classname="tests.backend_test.TestExcel" name="test_import_commit_and_log" time="0.428" /><testcase classname="tests.test_iteration5_features.TestAISettings" name="test_get_ai_settings_kasir_forbidden" time="0.125" /><testcase classname="tests.test_iteration5_features.TestAISettings" name="test_get_ai_settings_anon_unauthorized" time="0.094" /><testcase classname="tests.test_iteration5_features.TestAISettings" name="test_put_ai_settings_kasir_forbidden" time="0.129" /><testcase classname="tests.test_iteration5_features.TestAISettings" name="test_put_then_get_persistence_and_key_preserved" time="0.261"><failure message="AssertionError: {&quot;detail&quot;:[{&quot;type&quot;:&quot;missing&quot;,&quot;loc&quot;:[&quot;body&quot;,&quot;feature&quot;],&quot;msg&quot;:&quot;Field required&quot;,&quot;input&quot;:{&quot;openai_base_url&quot;:&quot;https://TEST.example.com/v1&quot;,&quot;openai_model&quot;:&quot;TEST-model-1&quot;,&quot;openai_api_key&quot;:&quot;sk-TEST-abc123&quot;},&quot;url&quot;:&quot;https://errors.pydantic.dev/2.13/v/missing&quot;}]}&#10;assert 422 == 200&#10; +  where 422 = &lt;Response [422]&gt;.status_code">E   AssertionError: {"detail":[{"type":"missing","loc":["body","feature"],"msg":"Field required","input":{"openai_base_url":"https://TEST.example.com/v1","openai_model":"TEST-model-1","openai_api_key":"sk-TEST-abc123"},"url":"https://errors.pydantic.dev/2.13/v/missing"}]}
    assert 422 == 200
     +  where 422 = &lt;Response [422]&gt;.status_code</failure></testcase><testcase classname="tests.backend_test.TestExcel" name="test_kasir_cannot_import_or_export" time="0.130" /><testcase classname="tests.test_iteration5_features.TestMinStock" name="test_create_retail_product_with_min_stock" time="0.193" /><testcase classname="tests.test_iteration5_features.TestReportsRange" name="test_range_week" time="0.071" /><testcase classname="tests.test_iteration5_features.TestReportsRange" name="test_range_month" time="0.116" /><testcase classname="tests.test_iteration5_features.TestMinStock" name="test_update_min_stock_persists" time="0.271" /><testcase classname="tests.test_iteration5_features.TestReportsRange" name="test_range_requires_params" time="0.075" /><testcase classname="tests.test_iteration5_features.TestReportsRange" name="test_range_kasir_forbidden" time="0.131" /><testcase classname="tests.test_iteration5_features.TestMinStock" name="test_low_stock_uses_per_product_threshold" time="0.145" /><testcase classname="tests.test_iteration5_features.TestReportsRange" name="test_range_invalid_date" time="0.111" /><testcase classname="tests.test_iteration5_features.TestMinStock" name="test_high_min_stock_product_flagged" time="0.173" /><testcase classname="tests.test_order_number_atomic.TestOrderNumberAtomicity" name="test_unique_index_exists" time="0.085" /><testcase classname="tests.test_order_number_atomic.TestOrderNumberAtomicity" name="test_sequential_orders_unique_and_monotonic" time="0.528" /><testcase classname="tests.test_iteration5_features.TestMinStock" name="test_product_above_threshold_not_flagged" time="0.377" /><testcase classname="tests.backend_test.TestTables" name="test_list_tables" time="0.115"><failure message="assert 0 &gt;= 8&#10; +  where 0 = len([])">E   assert 0 &gt;= 8
     +  where 0 = len([])</failure></testcase><testcase classname="tests.test_order_number_atomic.TestOrderNumberAtomicity" name="test_concurrent_orders_no_duplicates" time="0.456" /><testcase classname="tests.backend_test.TestTables" name="test_duplicate_name_rejected" time="0.313" /><testcase classname="tests.backend_test.TestTables" name="test_kasir_cannot_create_table" time="0.065" /><testcase classname="tests.test_order_number_atomic.TestOrderNumberAtomicity" name="test_no_duplicates_in_whole_collection" time="0.019" /><testcase classname="tests.test_order_number_atomic.TestOrderNumberAtomicity" name="test_created_orders_are_persisted_and_retrievable" time="0.099" /><testcase classname="tests.backend_test.TestTables" name="test_open_bill_blocks_deactivate_and_delete" time="0.740" /><testcase classname="tests.backend_test.TestShifts" name="test_shift_lifecycle" time="0.957" /><testcase classname="tests.backend_test.TestVoidRefund" name="test_kasir_cannot_void" time="0.292" /><testcase classname="tests.backend_test.TestShifts" name="test_close_without_open_shift" time="0.202" /><testcase classname="tests.backend_test.TestVoidRefund" name="test_void_restores_retail_stock_and_audits" time="0.881" /><testcase classname="tests.backend_test.TestShifts" name="test_kasir_cannot_list_shifts" time="0.092" /><testcase classname="tests.backend_test.TestShifts" name="test_admin_list_shifts" time="0.074" /><testcase classname="tests.backend_test.TestAI" name="test_ai_product_description" time="2.057"><failure message="AssertionError: {&quot;detail&quot;:&quot;AI gagal: Error code: 401 - {'error': {'code': '', 'message': 'Invalid token (request id: 202608201024283734107508268d9d6wSgkDAs9)', 'type': 'new_api_error'}}&quot;}&#10;assert 500 == 200&#10; +  where 500 = &lt;Response [500]&gt;.status_code">E   AssertionError: {"detail":"AI gagal: Error code: 401 - {'error': {'code': '', 'message': 'Invalid token (request id: 202608201024283734107508268d9d6wSgkDAs9)', 'type': 'new_api_error'}}"}
    assert 500 == 200
     +  where 500 = &lt;Response [500]&gt;.status_code</failure></testcase><testcase classname="tests.backend_test.TestVoidRefund" name="test_refund_action" time="0.201" /><testcase classname="tests.backend_test.TestVoidRefund" name="test_kasir_cannot_read_audit_logs" time="0.061" /><testcase classname="tests.test_iteration8_features.TestAIVision" name="test_ai_settings_lists_vision_feature" time="0.069" /><testcase classname="tests.test_iteration8_features.TestAIVision" name="test_parse_invoice_handles_failure_gracefully" time="1.832"><failure message="AssertionError: non-JSON error body via public URL (502, text/html; charset=UTF-8)&#10;assert 'json' in 'text/html; charset=UTF-8'">E   AssertionError: non-JSON error body via public URL (502, text/html; charset=UTF-8)
    assert 'json' in 'text/html; charset=UTF-8'</failure></testcase><testcase classname="tests.backend_test.TestAI" name="test_ai_product_image" time="0.938"><failure message="AssertionError: {&quot;detail&quot;:&quot;Gambar AI belum aktif di akun Gemini Anda (kuota gambar free tier = 0). Aktifkan billing di Google Cloud/AI Studio untuk memakainya, atau unggah gambar produk secara manual.&quot;}&#10;assert 429 == 200&#10; +  where 429 = &lt;Response [429]&gt;.status_code">E   AssertionError: {"detail":"Gambar AI belum aktif di akun Gemini Anda (kuota gambar free tier = 0). Aktifkan billing di Google Cloud/AI Studio untuk memakainya, atau unggah gambar produk secara manual."}
    assert 429 == 200
     +  where 429 = &lt;Response [429]&gt;.status_code</failure></testcase><testcase classname="tests.test_iteration8_features.TestAIVision" name="test_parse_invoice_requires_admin" time="0.147" /><testcase classname="tests.test_iteration8_features.TestAIVision" name="test_parse_invoice_validation" time="0.068" /><testcase classname="tests.backend_test.TestAI" name="test_ai_summary" time="3.762"><failure message="AssertionError: {&quot;detail&quot;:&quot;AI ringkasan gagal: Error code: 401 - {'error': {'code': '', 'message': 'Invalid token (request id: 202608201024328435907188268d9d60dxigQVy)', 'type': 'new_api_error'}}&quot;}&#10;assert 500 == 200&#10; +  where 500 = &lt;Response [500]&gt;.status_code">E   AssertionError: {"detail":"AI ringkasan gagal: Error code: 401 - {'error': {'code': '', 'message': 'Invalid token (request id: 202608201024328435907188268d9d60dxigQVy)', 'type': 'new_api_error'}}"}
    assert 500 == 200
     +  where 500 = &lt;Response [500]&gt;.status_code</failure></testcase><testcase classname="tests.test_iteration8_features.TestCategoryReport" name="test_paid_orders_and_category_report" time="3.257" /><testcase classname="tests.test_iteration8_features.TestCategoryReport" name="test_summary_has_no_mongo_id" time="0.071" /><testcase classname="tests.test_iteration8_features.TestCategoryReport" name="test_summary_forbidden_for_kasir" time="0.609" /><testcase classname="tests.backend_test.TestAI" name="test_ai_requires_admin" time="0.086" /><testcase classname="tests.test_new_features.TestWIBTimezone" name="test_endpoints_use_wib_today" time="0.174" /><testcase classname="tests.test_new_features.TestGrossProfitReport" name="test_summary_has_new_fields" time="0.081" /><testcase classname="tests.test_new_features.TestWIBTimezone" name="test_cash_created_today_is_in_wib_bucket" time="0.263" /><testcase classname="tests.test_new_features.TestGrossProfitReport" name="test_paid_order_contributes_cost_and_profit" time="0.698" /><testcase classname="tests.test_new_features.TestWIBTimezone" name="test_orders_date_filter_wib" time="0.084" /><testcase classname="tests.test_iteration5_features.TestMargin" name="test_summary_top_products_margin_fields" time="0.106" /><testcase classname="tests.test_iteration5_features.TestMargin" name="test_summary_margin_on_historical_date_with_sales" time="0.133" /><testcase classname="tests.test_iteration8_features.TestShiftGate" name="test_current_shift_endpoint" time="0.063" /><testcase classname="tests.test_iteration8_features.TestShiftGate" name="test_open_shift_idempotency" time="0.586" /><testcase classname="tests.test_new_features.TestGrossProfitReport" name="test_summary_kasir_forbidden" time="0.169" /><testcase classname="tests.backend_test.TestUsers" name="test_create_toggle_user" time="1.498" /><testcase classname="tests.backend_test.TestPaymentMethods" name="test_seeded_three_methods" time="0.066" /><testcase classname="tests.backend_test.TestOpenBill" name="test_dine_in_open_bill_append_and_pay" time="1.137" /><testcase classname="tests.backend_test.TestUsers" name="test_toggle_nonexistent_user" time="0.115" /><testcase classname="tests.test_new_features.TestRetailProductUpdateStock" name="test_update_without_stock_field_resets_stock" time="0.341" /><testcase classname="tests.test_iteration8_features.TestBarcodeData" name="test_retail_product_exposes_sku" time="1.028" /></testsuite></testsuites>