<?xml version="1.0" encoding="utf-8"?><testsuites name="pytest tests"><testsuite name="pytest" errors="0" failures="5" skipped="0" tests="121" time="16.884" timestamp="2026-08-20T04:18:03.516375+00:00" hostname="agent-env-44f3ab89-fefb-4879-ac6f-7e5fcbd5d204"><testcase classname="tests.backend_test.TestAuth" name="test_admin_login" time="0.401" /><testcase classname="tests.backend_test.TestAuth" name="test_kasir_login" time="0.488" /><testcase classname="tests.backend_test.TestProducts" name="test_seed_products_present" time="0.837" /><testcase classname="tests.backend_test.TestProducts" name="test_filter_by_type" time="0.058" /><testcase classname="tests.backend_test.TestAuth" name="test_login_bad_password" time="0.338" /><testcase classname="tests.backend_test.TestProducts" name="test_create_duplicate_sku_rejected" time="0.404" /><testcase classname="tests.backend_test.TestProducts" name="test_negative_price_rejected" time="0.275" /><testcase classname="tests.backend_test.TestAuth" name="test_me" time="0.461" /><testcase classname="tests.backend_test.TestProducts" name="test_invalid_category_rejected" time="0.055" /><testcase classname="tests.backend_test.TestProducts" name="test_invalid_type_rejected" time="0.058" /><testcase classname="tests.backend_test.TestAuth" name="test_me_no_token" time="0.166" /><testcase classname="tests.backend_test.TestProducts" name="test_update_and_sold_out_toggle" time="0.391" /><testcase classname="tests.backend_test.TestAuth" name="test_me_invalid_token" time="0.094" /><testcase classname="tests.backend_test.TestAuth" name="test_bcrypt_hash_format" time="0.080" /><testcase classname="tests.backend_test.TestProducts" name="test_delete_unused_product_hard_delete" time="0.365" /><testcase classname="tests.backend_test.TestAuth" name="test_kasir_cannot_list_users" time="0.612" /><testcase classname="tests.backend_test.TestProducts" name="test_delete_used_product_soft_deactivates" time="0.338" /><testcase classname="tests.backend_test.TestPayFlow" name="test_take_away_pay_with_percent_discount" time="0.538" /><testcase classname="tests.backend_test.TestProducts" name="test_kasir_cannot_create_product" time="0.463" /><testcase classname="tests.backend_test.TestPayFlow" name="test_amount_discount_capped_at_subtotal" time="0.174" /><testcase classname="tests.test_new_features.TestPurchases" name="test_purchase_increases_stock_and_sets_cost" time="0.293" /><testcase classname="tests.backend_test.TestPayFlow" name="test_paid_order_cannot_be_paid_again" time="0.138" /><testcase classname="tests.backend_test.TestPayFlow" name="test_paid_order_items_cannot_be_edited" time="0.125" /><testcase classname="tests.test_new_features.TestPurchases" name="test_purchase_rejected_for_non_retail" time="0.184" /><testcase classname="tests.backend_test.TestPayFlow" name="test_invalid_payment_method_rejected" time="0.166" /><testcase classname="tests.test_new_features.TestPurchases" name="test_purchase_invalid_qty_rejected" time="0.166" /><testcase classname="tests.test_new_features.TestPurchases" name="test_purchase_unknown_product_404" time="0.054" /><testcase classname="tests.backend_test.TestPayFlow" name="test_retail_stock_decrements_after_paid" time="0.328" /><testcase classname="tests.test_new_features.TestPurchases" name="test_purchase_list_today" time="0.178" /><testcase classname="tests.backend_test.TestPayFlow" name="test_get_nonexistent_order_404" time="0.064" /><testcase classname="tests.test_new_features.TestPurchases" name="test_purchase_kasir_forbidden" time="0.127" /><testcase classname="tests.backend_test.TestCategories" name="test_list_categories" time="0.058" /><testcase classname="tests.backend_test.TestCategories" name="test_create_update_category" time="0.227" /><testcase classname="tests.test_new_features.TestPurchases" name="test_purchase_requires_auth" time="0.485" /><testcase classname="tests.backend_test.TestCategories" name="test_kasir_cannot_create_category" time="0.095" /><testcase classname="tests.backend_test.TestCategories" name="test_update_nonexistent_category" time="0.061" /><testcase classname="tests.backend_test.TestCategories" name="test_delete_unused_category_hard_deletes" time="0.186" /><testcase classname="tests.backend_test.TestOrderRules" name="test_retail_order_with_fnb_item_rejected" time="0.113" /><testcase classname="tests.backend_test.TestCategories" name="test_delete_used_category_soft_deactivates" time="0.390" /><testcase classname="tests.backend_test.TestOrderRules" name="test_take_away_with_retail_item_rejected" time="0.064" /><testcase classname="tests.backend_test.TestOrderRules" name="test_dine_in_with_retail_item_rejected" time="0.174" /><testcase classname="tests.backend_test.TestOrderRules" name="test_dine_in_without_table_rejected" time="0.061" /><testcase classname="tests.backend_test.TestOrderRules" name="test_take_away_with_table_rejected" time="0.114" /><testcase classname="tests.test_new_features.TestProductCost" name="test_create_fnb_product_with_cost_persists" time="0.182" /><testcase classname="tests.backend_test.TestOrderRules" name="test_empty_cart_rejected" time="0.054" /><testcase classname="tests.test_new_features.TestStockOpname" name="test_opname_sets_stock_and_records_diff" time="0.261" /><testcase classname="tests.test_new_features.TestProductCost" name="test_create_retail_product_with_cost" time="0.061" /><testcase classname="tests.test_new_features.TestProductCost" name="test_negative_cost_rejected_on_create" time="0.059" /><testcase classname="tests.test_new_features.TestProductCost" name="test_negative_cost_rejected_on_update" time="0.123" /><testcase classname="tests.test_new_features.TestStockOpname" name="test_opname_positive_diff" time="0.209" /><testcase classname="tests.test_new_features.TestProductCost" name="test_update_cost_persists" time="0.221" /><testcase classname="tests.test_new_features.TestStockOpname" name="test_opname_rejected_for_non_retail" time="0.108" /><testcase classname="tests.test_new_features.TestProductCost" name="test_products_list_returns_cost" time="0.061" /><testcase classname="tests.test_new_features.TestStockOpname" name="test_opname_negative_count_rejected" time="0.151" /><testcase classname="tests.test_new_features.TestCashMovements" name="test_cash_in_and_out_totals" time="0.248" /><testcase classname="tests.test_new_features.TestStockOpname" name="test_opname_list_today" time="0.247" /><testcase classname="tests.test_new_features.TestCashMovements" name="test_cash_invalid_amount_rejected" time="0.119" /><testcase classname="tests.test_new_features.TestCashMovements" name="test_cash_invalid_type_rejected" time="0.061" /><testcase classname="tests.test_new_features.TestStockOpname" name="test_opname_kasir_forbidden" time="0.381" /><testcase classname="tests.test_new_features.TestCashMovements" name="test_cash_kasir_allowed" time="0.107" /><testcase classname="tests.test_new_features.TestCashMovements" name="test_cash_requires_auth" time="0.109" /><testcase classname="tests.test_new_features.TestCashMovements" name="test_cash_other_day_empty_or_scoped" time="0.364" /><testcase classname="tests.backend_test.TestReports" name="test_summary_today" time="0.062" /><testcase classname="tests.backend_test.TestReports" name="test_summary_no_date_defaults_today" time="0.055" /><testcase classname="tests.backend_test.TestReports" name="test_kasir_cannot_read_summary" time="0.065" /><testcase classname="tests.backend_test.TestReports" name="test_range_report" time="0.054" /><testcase classname="tests.backend_test.TestReports" name="test_orders_list_filters" time="0.056" /><testcase classname="tests.backend_test.TestExcel" name="test_template_download" time="0.240" /><testcase classname="tests.test_iteration5_features.TestAISettings" name="test_get_ai_settings_admin" time="0.187" /><testcase classname="tests.backend_test.TestExcel" name="test_export" time="0.240" /><testcase classname="tests.test_iteration5_features.TestAISettings" name="test_get_ai_settings_kasir_forbidden" time="0.179" /><testcase classname="tests.test_iteration5_features.TestAISettings" name="test_get_ai_settings_anon_unauthorized" time="0.059" /><testcase classname="tests.test_iteration5_features.TestAISettings" name="test_put_ai_settings_kasir_forbidden" time="0.069" /><testcase classname="tests.backend_test.TestExcel" name="test_import_preview_validations" time="0.196" /><testcase classname="tests.test_iteration5_features.TestAISettings" name="test_put_then_get_persistence_and_key_preserved" time="0.457" /><testcase classname="tests.backend_test.TestExcel" name="test_import_commit_and_log" time="0.468" /><testcase classname="tests.test_iteration5_features.TestMinStock" name="test_create_retail_product_with_min_stock" time="0.170" /><testcase classname="tests.backend_test.TestExcel" name="test_kasir_cannot_import_or_export" time="0.196" /><testcase classname="tests.test_iteration5_features.TestMinStock" name="test_update_min_stock_persists" time="0.222" /><testcase classname="tests.test_iteration5_features.TestReportsRange" name="test_range_week" time="0.061" /><testcase classname="tests.test_iteration5_features.TestMinStock" name="test_low_stock_uses_per_product_threshold" time="0.115" /><testcase classname="tests.test_iteration5_features.TestReportsRange" name="test_range_month" time="0.099" /><testcase classname="tests.test_iteration5_features.TestReportsRange" name="test_range_requires_params" time="0.060" /><testcase classname="tests.test_iteration5_features.TestMinStock" name="test_high_min_stock_product_flagged" time="0.149" /><testcase classname="tests.test_iteration5_features.TestReportsRange" name="test_range_kasir_forbidden" time="0.096" /><testcase classname="tests.test_iteration5_features.TestReportsRange" name="test_range_invalid_date" time="0.060"><failure message="AssertionError: expected 4xx for bad date, got 500: Internal Server Error&#10;assert 500 in (400, 422)&#10; +  where 500 = &lt;Response [500]&gt;.status_code">E   AssertionError: expected 4xx for bad date, got 500: Internal Server Error
    assert 500 in (400, 422)
     +  where 500 = &lt;Response [500]&gt;.status_code</failure></testcase><testcase classname="tests.test_iteration5_features.TestMinStock" name="test_product_above_threshold_not_flagged" time="0.277" /><testcase classname="tests.backend_test.TestTables" name="test_list_tables" time="0.061" /><testcase classname="tests.backend_test.TestTables" name="test_duplicate_name_rejected" time="0.219" /><testcase classname="tests.test_order_number_atomic.TestOrderNumberAtomicity" name="test_unique_index_exists" time="0.122" /><testcase classname="tests.backend_test.TestTables" name="test_kasir_cannot_create_table" time="0.055" /><testcase classname="tests.test_order_number_atomic.TestOrderNumberAtomicity" name="test_sequential_orders_unique_and_monotonic" time="0.431"><failure message="AssertionError: gaps in sequence: [9, 10, 12, 13, 14]&#10;assert (14 - 9) == 4">E   AssertionError: gaps in sequence: [9, 10, 12, 13, 14]
    assert (14 - 9) == 4</failure></testcase><testcase classname="tests.backend_test.TestTables" name="test_open_bill_blocks_deactivate_and_delete" time="0.794" /><testcase classname="tests.test_order_number_atomic.TestOrderNumberAtomicity" name="test_concurrent_orders_no_duplicates" time="0.668" /><testcase classname="tests.backend_test.TestVoidRefund" name="test_kasir_cannot_void" time="0.294" /><testcase classname="tests.test_order_number_atomic.TestOrderNumberAtomicity" name="test_no_duplicates_in_whole_collection" time="0.005" /><testcase classname="tests.test_order_number_atomic.TestOrderNumberAtomicity" name="test_created_orders_are_persisted_and_retrievable" time="0.112" /><testcase classname="tests.backend_test.TestVoidRefund" name="test_void_restores_retail_stock_and_audits" time="0.546" /><testcase classname="tests.backend_test.TestShifts" name="test_shift_lifecycle" time="0.569" /><testcase classname="tests.backend_test.TestVoidRefund" name="test_refund_action" time="0.190" /><testcase classname="tests.backend_test.TestShifts" name="test_close_without_open_shift" time="0.215" /><testcase classname="tests.backend_test.TestVoidRefund" name="test_kasir_cannot_read_audit_logs" time="0.054" /><testcase classname="tests.backend_test.TestAI" name="test_ai_product_description" time="2.772"><failure message="AssertionError: {&quot;detail&quot;:&quot;AI gagal: Error code: 401 - {'error': {'code': '', 'message': 'Invalid token (request id: 202608200418160079361088268d9d6mSy7wLSn)', 'type': 'new_api_error'}}&quot;}&#10;assert 500 == 200&#10; +  where 500 = &lt;Response [500]&gt;.status_code">E   AssertionError: {"detail":"AI gagal: Error code: 401 - {'error': {'code': '', 'message': 'Invalid token (request id: 202608200418160079361088268d9d6mSy7wLSn)', 'type': 'new_api_error'}}"}
    assert 500 == 200
     +  where 500 = &lt;Response [500]&gt;.status_code</failure></testcase><testcase classname="tests.backend_test.TestShifts" name="test_kasir_cannot_list_shifts" time="0.203" /><testcase classname="tests.backend_test.TestShifts" name="test_admin_list_shifts" time="0.057" /><testcase classname="tests.test_new_features.TestGrossProfitReport" name="test_summary_has_new_fields" time="0.057" /><testcase classname="tests.test_new_features.TestGrossProfitReport" name="test_paid_order_contributes_cost_and_profit" time="0.459" /><testcase classname="tests.test_new_features.TestGrossProfitReport" name="test_summary_kasir_forbidden" time="0.063" /><testcase classname="tests.test_new_features.TestWIBTimezone" name="test_endpoints_use_wib_today" time="0.128" /><testcase classname="tests.test_new_features.TestWIBTimezone" name="test_cash_created_today_is_in_wib_bucket" time="0.177" /><testcase classname="tests.test_new_features.TestWIBTimezone" name="test_orders_date_filter_wib" time="0.121" /><testcase classname="tests.backend_test.TestUsers" name="test_create_toggle_user" time="1.148" /><testcase classname="tests.backend_test.TestUsers" name="test_toggle_nonexistent_user" time="0.057" /><testcase classname="tests.test_iteration5_features.TestMargin" name="test_summary_top_products_margin_fields" time="0.233" /><testcase classname="tests.backend_test.TestAI" name="test_ai_product_image" time="0.599"><failure message="AssertionError: {&quot;detail&quot;:&quot;Gambar AI belum aktif di akun Gemini Anda (kuota gambar free tier = 0). Aktifkan billing di Google Cloud/AI Studio untuk memakainya, atau unggah gambar produk secara manual.&quot;}&#10;assert 429 == 200&#10; +  where 429 = &lt;Response [429]&gt;.status_code">E   AssertionError: {"detail":"Gambar AI belum aktif di akun Gemini Anda (kuota gambar free tier = 0). Aktifkan billing di Google Cloud/AI Studio untuk memakainya, atau unggah gambar produk secara manual."}
    assert 429 == 200
     +  where 429 = &lt;Response [429]&gt;.status_code</failure></testcase><testcase classname="tests.test_iteration5_features.TestMargin" name="test_summary_margin_on_historical_date_with_sales" time="0.349" /><testcase classname="tests.backend_test.TestPaymentMethods" name="test_seeded_three_methods" time="0.056" /><testcase classname="tests.backend_test.TestAI" name="test_ai_summary" time="2.110"><failure message="AssertionError: {&quot;detail&quot;:&quot;AI ringkasan gagal: Error code: 401 - {'error': {'code': '', 'message': 'Invalid token (request id: 202608200418197858295728268d9d6UGTCjlby)', 'type': 'new_api_error'}}&quot;}&#10;assert 500 == 200&#10; +  where 500 = &lt;Response [500]&gt;.status_code">E   AssertionError: {"detail":"AI ringkasan gagal: Error code: 401 - {'error': {'code': '', 'message': 'Invalid token (request id: 202608200418197858295728268d9d6UGTCjlby)', 'type': 'new_api_error'}}"}
    assert 500 == 200
     +  where 500 = &lt;Response [500]&gt;.status_code</failure></testcase><testcase classname="tests.backend_test.TestOpenBill" name="test_dine_in_open_bill_append_and_pay" time="1.709" /><testcase classname="tests.test_new_features.TestRetailProductUpdateStock" name="test_update_without_stock_field_resets_stock" time="0.283" /><testcase classname="tests.backend_test.TestAI" name="test_ai_requires_admin" time="0.054" /></testsuite></testsuites>