<?xml version="1.0" encoding="utf-8"?><testsuites name="pytest tests"><testsuite name="pytest" errors="0" failures="0" skipped="0" tests="5" time="52.374" timestamp="2026-08-21T02:10:49.637251+00:00" hostname="agent-env-44f3ab89-fefb-4879-ac6f-7e5fcbd5d204"><testcase classname="tests.test_ai_features" name="test_ai_settings_configured" time="0.796" /><testcase classname="tests.test_ai_features" name="test_ai_product_description" time="5.812" /><testcase classname="tests.test_ai_features" name="test_ai_report_summary" time="18.860" /><testcase classname="tests.test_ai_features" name="test_ai_product_image" time="21.631" /><testcase classname="tests.test_ai_features" name="test_ai_parse_invoice_graceful" time="5.246" /></testsuite></testsuites>