<?xml version="1.0" encoding="utf-8"?><testsuites name="pytest tests"><testsuite name="pytest" errors="0" failures="1" skipped="0" tests="17" time="3.004" timestamp="2026-08-20T04:12:50.894402+00:00" hostname="agent-env-44f3ab89-fefb-4879-ac6f-7e5fcbd5d204"><testcase classname="tests.test_iteration5_features.TestAISettings" name="test_get_ai_settings_admin" time="0.836" /><testcase classname="tests.test_iteration5_features.TestMinStock" name="test_create_retail_product_with_min_stock" time="0.847" /><testcase classname="tests.test_iteration5_features.TestMinStock" name="test_update_min_stock_persists" time="0.421" /><testcase classname="tests.test_iteration5_features.TestAISettings" name="test_get_ai_settings_kasir_forbidden" time="0.494" /><testcase classname="tests.test_iteration5_features.TestMinStock" name="test_low_stock_uses_per_product_threshold" time="0.131" /><testcase classname="tests.test_iteration5_features.TestAISettings" name="test_get_ai_settings_anon_unauthorized" time="0.148" /><testcase classname="tests.test_iteration5_features.TestMinStock" name="test_high_min_stock_product_flagged" time="0.128" /><testcase classname="tests.test_iteration5_features.TestAISettings" name="test_put_ai_settings_kasir_forbidden" time="0.112" /><testcase classname="tests.test_iteration5_features.TestMinStock" name="test_product_above_threshold_not_flagged" time="0.363" /><testcase classname="tests.test_iteration5_features.TestAISettings" name="test_put_then_get_persistence_and_key_preserved" time="0.578" /><testcase classname="tests.test_iteration5_features.TestReportsRange" name="test_range_week" time="0.103" /><testcase classname="tests.test_iteration5_features.TestReportsRange" name="test_range_month" time="0.063" /><testcase classname="tests.test_iteration5_features.TestReportsRange" name="test_range_requires_params" time="0.079" /><testcase classname="tests.test_iteration5_features.TestMargin" name="test_summary_top_products_margin_fields" time="0.074" /><testcase classname="tests.test_iteration5_features.TestMargin" name="test_summary_margin_on_historical_date_with_sales" time="0.292" /><testcase classname="tests.test_iteration5_features.TestReportsRange" name="test_range_kasir_forbidden" time="0.436" /><testcase classname="tests.test_iteration5_features.TestReportsRange" name="test_range_invalid_date" time="0.062"><failure message="AssertionError: expected 4xx for bad date, got 500: Internal Server Error&#10;assert 500 in (400, 422)&#10; +  where 500 = &lt;Response [500]&gt;.status_code">tests/test_iteration5_features.py:191: in test_range_invalid_date
    assert r.status_code in (400, 422), f"expected 4xx for bad date, got {r.status_code}: {r.text[:200]}"
E   AssertionError: expected 4xx for bad date, got 500: Internal Server Error
E   assert 500 in (400, 422)
E    +  where 500 = &lt;Response [500]&gt;.status_code</failure></testcase></testsuite></testsuites>