<?xml version="1.0" encoding="utf-8"?><testsuites name="pytest tests"><testsuite name="pytest" errors="0" failures="1" skipped="0" tests="10" time="4.340" timestamp="2026-08-20T10:19:08.802229+00:00" hostname="agent-env-44f3ab89-fefb-4879-ac6f-7e5fcbd5d204"><testcase classname="tests.test_iteration8_features.TestAIVision" name="test_ai_settings_lists_vision_feature" time="1.400" /><testcase classname="tests.test_iteration8_features.TestAIVision" name="test_parse_invoice_handles_failure_gracefully" time="1.911"><failure message="AssertionError: non-JSON error body via public URL (502, text/html; charset=UTF-8)&#10;assert 'json' in 'text/html; charset=UTF-8'">E   AssertionError: non-JSON error body via public URL (502, text/html; charset=UTF-8)
    assert 'json' in 'text/html; charset=UTF-8'</failure></testcase><testcase classname="tests.test_iteration8_features.TestCategoryReport" name="test_paid_orders_and_category_report" time="2.195" /><testcase classname="tests.test_iteration8_features.TestCategoryReport" name="test_summary_has_no_mongo_id" time="0.058" /><testcase classname="tests.test_iteration8_features.TestCategoryReport" name="test_summary_forbidden_for_kasir" time="0.501" /><testcase classname="tests.test_iteration8_features.TestShiftGate" name="test_current_shift_endpoint" time="0.057" /><testcase classname="tests.test_iteration8_features.TestShiftGate" name="test_open_shift_idempotency" time="0.176" /><testcase classname="tests.test_iteration8_features.TestBarcodeData" name="test_retail_product_exposes_sku" time="0.822" /><testcase classname="tests.test_iteration8_features.TestAIVision" name="test_parse_invoice_requires_admin" time="0.593" /><testcase classname="tests.test_iteration8_features.TestAIVision" name="test_parse_invoice_validation" time="0.062" /></testsuite></testsuites>