<?xml version="1.0" encoding="utf-8"?><testsuites name="pytest tests"><testsuite name="pytest" errors="0" failures="1" skipped="0" tests="32" time="6.978" timestamp="2026-08-19T17:24:26.507782+00:00" hostname="agent-env-44f3ab89-fefb-4879-ac6f-7e5fcbd5d204"><testcase classname="tests.test_new_features.TestPurchases" name="test_purchase_increases_stock_and_sets_cost" time="1.285" /><testcase classname="tests.test_new_features.TestProductCost" name="test_create_fnb_product_with_cost_persists" time="1.425" /><testcase classname="tests.test_new_features.TestPurchases" name="test_purchase_rejected_for_non_retail" time="0.192" /><testcase classname="tests.test_new_features.TestProductCost" name="test_create_retail_product_with_cost" time="0.129" /><testcase classname="tests.test_new_features.TestPurchases" name="test_purchase_invalid_qty_rejected" time="0.211" /><testcase classname="tests.test_new_features.TestProductCost" name="test_negative_cost_rejected_on_create" time="0.082" /><testcase classname="tests.test_new_features.TestProductCost" name="test_negative_cost_rejected_on_update" time="0.199" /><testcase classname="tests.test_new_features.TestPurchases" name="test_purchase_unknown_product_404" time="0.069" /><testcase classname="tests.test_new_features.TestPurchases" name="test_purchase_list_today" time="0.233" /><testcase classname="tests.test_new_features.TestProductCost" name="test_update_cost_persists" time="0.300" /><testcase classname="tests.test_new_features.TestProductCost" name="test_products_list_returns_cost" time="0.304" /><testcase classname="tests.test_new_features.TestPurchases" name="test_purchase_kasir_forbidden" time="0.650" /><testcase classname="tests.test_new_features.TestStockOpname" name="test_opname_sets_stock_and_records_diff" time="0.348" /><testcase classname="tests.test_new_features.TestPurchases" name="test_purchase_requires_auth" time="0.210" /><testcase classname="tests.test_new_features.TestStockOpname" name="test_opname_positive_diff" time="0.292" /><testcase classname="tests.test_new_features.TestCashMovements" name="test_cash_in_and_out_totals" time="0.347" /><testcase classname="tests.test_new_features.TestStockOpname" name="test_opname_rejected_for_non_retail" time="0.205" /><testcase classname="tests.test_new_features.TestCashMovements" name="test_cash_invalid_amount_rejected" time="0.143" /><testcase classname="tests.test_new_features.TestStockOpname" name="test_opname_negative_count_rejected" time="0.208" /><testcase classname="tests.test_new_features.TestCashMovements" name="test_cash_invalid_type_rejected" time="0.070" /><testcase classname="tests.test_new_features.TestCashMovements" name="test_cash_kasir_allowed" time="0.152" /><testcase classname="tests.test_new_features.TestStockOpname" name="test_opname_list_today" time="0.279" /><testcase classname="tests.test_new_features.TestCashMovements" name="test_cash_requires_auth" time="0.218" /><testcase classname="tests.test_new_features.TestCashMovements" name="test_cash_other_day_empty_or_scoped" time="0.071" /><testcase classname="tests.test_new_features.TestWIBTimezone" name="test_endpoints_use_wib_today" time="0.375" /><testcase classname="tests.test_new_features.TestStockOpname" name="test_opname_kasir_forbidden" time="0.510" /><testcase classname="tests.test_new_features.TestWIBTimezone" name="test_cash_created_today_is_in_wib_bucket" time="0.253" /><testcase classname="tests.test_new_features.TestGrossProfitReport" name="test_summary_has_new_fields" time="0.117" /><testcase classname="tests.test_new_features.TestGrossProfitReport" name="test_paid_order_contributes_cost_and_profit" time="0.681" /><testcase classname="tests.test_new_features.TestWIBTimezone" name="test_orders_date_filter_wib" time="0.073" /><testcase classname="tests.test_new_features.TestRetailProductUpdateStock" name="test_update_without_stock_field_resets_stock" time="0.768"><failure message="AssertionError: stock wiped by update (was 25, now 0)&#10;assert 0 == 25">tests/test_new_features.py:328: in test_update_without_stock_field_resets_stock
    assert g["stock"] == 25, f"stock wiped by update (was 25, now {g['stock']})"
E   AssertionError: stock wiped by update (was 25, now 0)
E   assert 0 == 25</failure></testcase><testcase classname="tests.test_new_features.TestGrossProfitReport" name="test_summary_kasir_forbidden" time="1.085" /></testsuite></testsuites>