<?xml version="1.0" encoding="utf-8"?><testsuites name="pytest tests"><testsuite name="pytest" errors="0" failures="0" skipped="0" tests="104" time="36.665" timestamp="2026-08-20T02:44:00.049824+00:00" hostname="agent-env-44f3ab89-fefb-4879-ac6f-7e5fcbd5d204"><testcase classname="tests.backend_test.TestAuth" name="test_admin_login" time="0.359" /><testcase classname="tests.backend_test.TestAuth" name="test_kasir_login" time="0.447" /><testcase classname="tests.backend_test.TestProducts" name="test_seed_products_present" time="0.803" /><testcase classname="tests.backend_test.TestProducts" name="test_filter_by_type" time="0.059" /><testcase classname="tests.backend_test.TestAuth" name="test_login_bad_password" time="0.416" /><testcase classname="tests.backend_test.TestProducts" name="test_create_duplicate_sku_rejected" time="0.417" /><testcase classname="tests.backend_test.TestProducts" name="test_negative_price_rejected" time="0.271" /><testcase classname="tests.backend_test.TestProducts" name="test_invalid_category_rejected" time="0.065" /><testcase classname="tests.backend_test.TestAuth" name="test_me" time="0.513" /><testcase classname="tests.backend_test.TestProducts" name="test_invalid_type_rejected" time="0.062" /><testcase classname="tests.backend_test.TestProducts" name="test_update_and_sold_out_toggle" time="0.426" /><testcase classname="tests.backend_test.TestAuth" name="test_me_no_token" time="0.122" /><testcase classname="tests.backend_test.TestAuth" name="test_me_invalid_token" time="0.069" /><testcase classname="tests.backend_test.TestAuth" name="test_bcrypt_hash_format" time="0.082" /><testcase classname="tests.backend_test.TestProducts" name="test_delete_unused_product_hard_delete" time="0.363" /><testcase classname="tests.backend_test.TestAuth" name="test_kasir_cannot_list_users" time="0.481" /><testcase classname="tests.backend_test.TestProducts" name="test_delete_used_product_soft_deactivates" time="0.289" /><testcase classname="tests.backend_test.TestPayFlow" name="test_take_away_pay_with_percent_discount" time="0.288" /><testcase classname="tests.backend_test.TestPayFlow" name="test_amount_discount_capped_at_subtotal" time="0.321" /><testcase classname="tests.backend_test.TestPayFlow" name="test_paid_order_cannot_be_paid_again" time="0.140" /><testcase classname="tests.backend_test.TestProducts" name="test_kasir_cannot_create_product" time="0.594" /><testcase classname="tests.backend_test.TestPayFlow" name="test_paid_order_items_cannot_be_edited" time="0.158" /><testcase classname="tests.backend_test.TestPayFlow" name="test_invalid_payment_method_rejected" time="0.150" /><testcase classname="tests.test_new_features.TestPurchases" name="test_purchase_increases_stock_and_sets_cost" time="0.286" /><testcase classname="tests.backend_test.TestPayFlow" name="test_retail_stock_decrements_after_paid" time="0.245" /><testcase classname="tests.test_new_features.TestPurchases" name="test_purchase_rejected_for_non_retail" time="0.123" /><testcase classname="tests.test_new_features.TestPurchases" name="test_purchase_invalid_qty_rejected" time="0.253" /><testcase classname="tests.backend_test.TestPayFlow" name="test_get_nonexistent_order_404" time="0.054" /><testcase classname="tests.backend_test.TestCategories" name="test_list_categories" time="0.053" /><testcase classname="tests.backend_test.TestCategories" name="test_create_update_category" time="0.164" /><testcase classname="tests.test_new_features.TestPurchases" name="test_purchase_unknown_product_404" time="0.057" /><testcase classname="tests.backend_test.TestCategories" name="test_kasir_cannot_create_category" time="0.074" /><testcase classname="tests.test_new_features.TestPurchases" name="test_purchase_list_today" time="0.176" /><testcase classname="tests.backend_test.TestCategories" name="test_update_nonexistent_category" time="0.047" /><testcase classname="tests.backend_test.TestCategories" name="test_delete_unused_category_hard_deletes" time="0.163" /><testcase classname="tests.test_new_features.TestPurchases" name="test_purchase_kasir_forbidden" time="0.142" /><testcase classname="tests.backend_test.TestCategories" name="test_delete_used_category_soft_deactivates" time="0.342" /><testcase classname="tests.test_new_features.TestPurchases" name="test_purchase_requires_auth" time="0.154" /><testcase classname="tests.test_new_features.TestProductCost" name="test_create_fnb_product_with_cost_persists" time="0.173" /><testcase classname="tests.backend_test.TestOrderRules" name="test_retail_order_with_fnb_item_rejected" time="0.045" /><testcase classname="tests.test_new_features.TestProductCost" name="test_create_retail_product_with_cost" time="0.077" /><testcase classname="tests.backend_test.TestOrderRules" name="test_take_away_with_retail_item_rejected" time="0.093" /><testcase classname="tests.test_new_features.TestProductCost" name="test_negative_cost_rejected_on_create" time="0.059" /><testcase classname="tests.backend_test.TestOrderRules" name="test_dine_in_with_retail_item_rejected" time="0.102" /><testcase classname="tests.test_new_features.TestProductCost" name="test_negative_cost_rejected_on_update" time="0.161" /><testcase classname="tests.backend_test.TestOrderRules" name="test_dine_in_without_table_rejected" time="0.093" /><testcase classname="tests.test_new_features.TestProductCost" name="test_update_cost_persists" time="0.186" /><testcase classname="tests.backend_test.TestOrderRules" name="test_take_away_with_table_rejected" time="0.100" /><testcase classname="tests.backend_test.TestOrderRules" name="test_empty_cart_rejected" time="0.052" /><testcase classname="tests.test_new_features.TestCashMovements" name="test_cash_in_and_out_totals" time="0.245" /><testcase classname="tests.test_new_features.TestProductCost" name="test_products_list_returns_cost" time="0.054" /><testcase classname="tests.test_new_features.TestStockOpname" name="test_opname_sets_stock_and_records_diff" time="0.190" /><testcase classname="tests.test_new_features.TestCashMovements" name="test_cash_invalid_amount_rejected" time="0.178" /><testcase classname="tests.test_new_features.TestStockOpname" name="test_opname_positive_diff" time="0.178" /><testcase classname="tests.test_new_features.TestCashMovements" name="test_cash_invalid_type_rejected" time="0.048" /><testcase classname="tests.test_new_features.TestStockOpname" name="test_opname_rejected_for_non_retail" time="0.165" /><testcase classname="tests.test_new_features.TestCashMovements" name="test_cash_kasir_allowed" time="0.151" /><testcase classname="tests.test_new_features.TestStockOpname" name="test_opname_negative_count_rejected" time="0.154" /><testcase classname="tests.test_new_features.TestCashMovements" name="test_cash_requires_auth" time="0.209" /><testcase classname="tests.test_new_features.TestStockOpname" name="test_opname_list_today" time="0.243" /><testcase classname="tests.test_new_features.TestCashMovements" name="test_cash_other_day_empty_or_scoped" time="0.053" /><testcase classname="tests.backend_test.TestReports" name="test_summary_today" time="0.050" /><testcase classname="tests.backend_test.TestReports" name="test_summary_no_date_defaults_today" time="0.054" /><testcase classname="tests.backend_test.TestReports" name="test_kasir_cannot_read_summary" time="0.063" /><testcase classname="tests.test_new_features.TestStockOpname" name="test_opname_kasir_forbidden" time="1.300" /><testcase classname="tests.backend_test.TestReports" name="test_range_report" time="0.089" /><testcase classname="tests.backend_test.TestReports" name="test_orders_list_filters" time="0.062" /><testcase classname="tests.test_order_number_atomic.TestOrderNumberAtomicity" name="test_unique_index_exists" time="0.056" /><testcase classname="tests.test_order_number_atomic.TestOrderNumberAtomicity" name="test_sequential_orders_unique_and_monotonic" time="0.349" /><testcase classname="tests.test_order_number_atomic.TestOrderNumberAtomicity" name="test_concurrent_orders_no_duplicates" time="0.657" /><testcase classname="tests.test_order_number_atomic.TestOrderNumberAtomicity" name="test_no_duplicates_in_whole_collection" time="0.004" /><testcase classname="tests.test_order_number_atomic.TestOrderNumberAtomicity" name="test_created_orders_are_persisted_and_retrievable" time="0.147" /><testcase classname="tests.backend_test.TestExcel" name="test_template_download" time="0.225" /><testcase classname="tests.backend_test.TestTables" name="test_list_tables" time="0.102" /><testcase classname="tests.backend_test.TestTables" name="test_duplicate_name_rejected" time="0.250" /><testcase classname="tests.backend_test.TestExcel" name="test_export" time="0.267" /><testcase classname="tests.backend_test.TestTables" name="test_kasir_cannot_create_table" time="0.059" /><testcase classname="tests.backend_test.TestExcel" name="test_import_preview_validations" time="0.183" /><testcase classname="tests.backend_test.TestTables" name="test_open_bill_blocks_deactivate_and_delete" time="0.660" /><testcase classname="tests.backend_test.TestExcel" name="test_import_commit_and_log" time="0.415" /><testcase classname="tests.backend_test.TestExcel" name="test_kasir_cannot_import_or_export" time="0.252" /><testcase classname="tests.backend_test.TestVoidRefund" name="test_kasir_cannot_void" time="0.203" /><testcase classname="tests.backend_test.TestVoidRefund" name="test_void_restores_retail_stock_and_audits" time="0.428" /><testcase classname="tests.backend_test.TestShifts" name="test_shift_lifecycle" time="2.244" /><testcase classname="tests.backend_test.TestVoidRefund" name="test_refund_action" time="0.201" /><testcase classname="tests.backend_test.TestVoidRefund" name="test_kasir_cannot_read_audit_logs" time="0.072" /><testcase classname="tests.backend_test.TestAI" name="test_ai_product_description" time="5.105" /><testcase classname="tests.backend_test.TestShifts" name="test_close_without_open_shift" time="0.165" /><testcase classname="tests.backend_test.TestShifts" name="test_kasir_cannot_list_shifts" time="0.083" /><testcase classname="tests.backend_test.TestShifts" name="test_admin_list_shifts" time="0.067" /><testcase classname="tests.test_new_features.TestGrossProfitReport" name="test_summary_has_new_fields" time="0.060" /><testcase classname="tests.test_new_features.TestGrossProfitReport" name="test_paid_order_contributes_cost_and_profit" time="0.519" /><testcase classname="tests.test_new_features.TestGrossProfitReport" name="test_summary_kasir_forbidden" time="0.069" /><testcase classname="tests.test_new_features.TestWIBTimezone" name="test_endpoints_use_wib_today" time="0.117" /><testcase classname="tests.test_new_features.TestWIBTimezone" name="test_cash_created_today_is_in_wib_bucket" time="0.178" /><testcase classname="tests.test_new_features.TestWIBTimezone" name="test_orders_date_filter_wib" time="0.111" /><testcase classname="tests.backend_test.TestUsers" name="test_create_toggle_user" time="1.297" /><testcase classname="tests.backend_test.TestUsers" name="test_toggle_nonexistent_user" time="0.063" /><testcase classname="tests.backend_test.TestPaymentMethods" name="test_seeded_three_methods" time="0.055" /><testcase classname="tests.backend_test.TestOpenBill" name="test_dine_in_open_bill_append_and_pay" time="0.528" /><testcase classname="tests.test_new_features.TestRetailProductUpdateStock" name="test_update_without_stock_field_resets_stock" time="0.305" /><testcase classname="tests.backend_test.TestAI" name="test_ai_product_image" time="9.234" /><testcase classname="tests.backend_test.TestAI" name="test_ai_summary" time="12.251" /><testcase classname="tests.backend_test.TestAI" name="test_ai_requires_admin" time="0.080" /></testsuite></testsuites>