<?xml version="1.0" encoding="utf-8"?><testsuites name="pytest tests"><testsuite name="pytest" errors="0" failures="0" skipped="0" tests="63" time="9.213" timestamp="2026-08-19T16:13:03.494487+00:00" hostname="agent-env-44f3ab89-fefb-4879-ac6f-7e5fcbd5d204"><testcase classname="tests.backend_test.TestAuth" name="test_admin_login" time="0.386" /><testcase classname="tests.backend_test.TestAuth" name="test_kasir_login" time="0.513" /><testcase classname="tests.backend_test.TestProducts" name="test_seed_products_present" time="0.883" /><testcase classname="tests.backend_test.TestProducts" name="test_filter_by_type" time="0.062" /><testcase classname="tests.backend_test.TestAuth" name="test_login_bad_password" time="0.411" /><testcase classname="tests.backend_test.TestProducts" name="test_create_duplicate_sku_rejected" time="0.476" /><testcase classname="tests.backend_test.TestProducts" name="test_negative_price_rejected" time="0.245" /><testcase classname="tests.backend_test.TestProducts" name="test_invalid_category_rejected" time="0.105" /><testcase classname="tests.backend_test.TestAuth" name="test_me" time="0.526" /><testcase classname="tests.backend_test.TestProducts" name="test_invalid_type_rejected" time="0.102" /><testcase classname="tests.backend_test.TestAuth" name="test_me_no_token" time="0.167" /><testcase classname="tests.backend_test.TestProducts" name="test_update_and_sold_out_toggle" time="0.657" /><testcase classname="tests.backend_test.TestAuth" name="test_me_invalid_token" time="0.090" /><testcase classname="tests.backend_test.TestAuth" name="test_bcrypt_hash_format" time="0.076" /><testcase classname="tests.backend_test.TestProducts" name="test_delete_unused_product_hard_delete" time="0.196" /><testcase classname="tests.backend_test.TestAuth" name="test_kasir_cannot_list_users" time="0.524" /><testcase classname="tests.backend_test.TestProducts" name="test_delete_used_product_soft_deactivates" time="0.378" /><testcase classname="tests.backend_test.TestPayFlow" name="test_take_away_pay_with_percent_discount" time="0.497" /><testcase classname="tests.backend_test.TestPayFlow" name="test_amount_discount_capped_at_subtotal" time="0.333" /><testcase classname="tests.backend_test.TestProducts" name="test_kasir_cannot_create_product" time="0.570" /><testcase classname="tests.backend_test.TestPayFlow" name="test_paid_order_cannot_be_paid_again" time="0.153" /><testcase classname="tests.backend_test.TestCategories" name="test_list_categories" time="0.055" /><testcase classname="tests.backend_test.TestPayFlow" name="test_paid_order_items_cannot_be_edited" time="0.151" /><testcase classname="tests.backend_test.TestCategories" name="test_create_update_category" time="0.208" /><testcase classname="tests.backend_test.TestPayFlow" name="test_invalid_payment_method_rejected" time="0.175" /><testcase classname="tests.backend_test.TestCategories" name="test_kasir_cannot_create_category" time="0.108" /><testcase classname="tests.backend_test.TestCategories" name="test_update_nonexistent_category" time="0.060" /><testcase classname="tests.backend_test.TestPayFlow" name="test_retail_stock_decrements_after_paid" time="0.306" /><testcase classname="tests.backend_test.TestCategories" name="test_delete_unused_category_hard_deletes" time="0.245" /><testcase classname="tests.backend_test.TestPayFlow" name="test_get_nonexistent_order_404" time="0.100" /><testcase classname="tests.backend_test.TestCategories" name="test_delete_used_category_soft_deactivates" time="0.300" /><testcase classname="tests.backend_test.TestOrderRules" name="test_retail_order_with_fnb_item_rejected" time="0.096" /><testcase classname="tests.backend_test.TestOrderRules" name="test_take_away_with_retail_item_rejected" time="0.117" /><testcase classname="tests.backend_test.TestOrderRules" name="test_dine_in_with_retail_item_rejected" time="0.137" /><testcase classname="tests.backend_test.TestReports" name="test_summary_today" time="0.111" /><testcase classname="tests.backend_test.TestOrderRules" name="test_dine_in_without_table_rejected" time="0.071" /><testcase classname="tests.backend_test.TestReports" name="test_summary_no_date_defaults_today" time="0.062" /><testcase classname="tests.backend_test.TestReports" name="test_kasir_cannot_read_summary" time="0.069" /><testcase classname="tests.backend_test.TestOrderRules" name="test_take_away_with_table_rejected" time="0.199" /><testcase classname="tests.backend_test.TestReports" name="test_range_report" time="0.061" /><testcase classname="tests.backend_test.TestReports" name="test_orders_list_filters" time="0.057" /><testcase classname="tests.backend_test.TestTables" name="test_list_tables" time="0.063" /><testcase classname="tests.backend_test.TestOrderRules" name="test_empty_cart_rejected" time="0.111" /><testcase classname="tests.backend_test.TestTables" name="test_duplicate_name_rejected" time="0.408" /><testcase classname="tests.backend_test.TestExcel" name="test_template_download" time="0.299" /><testcase classname="tests.backend_test.TestExcel" name="test_export" time="0.260" /><testcase classname="tests.backend_test.TestTables" name="test_kasir_cannot_create_table" time="0.143" /><testcase classname="tests.backend_test.TestTables" name="test_open_bill_blocks_deactivate_and_delete" time="0.727" /><testcase classname="tests.backend_test.TestExcel" name="test_import_preview_validations" time="0.178" /><testcase classname="tests.backend_test.TestExcel" name="test_import_commit_and_log" time="0.554" /><testcase classname="tests.backend_test.TestVoidRefund" name="test_kasir_cannot_void" time="0.153" /><testcase classname="tests.backend_test.TestExcel" name="test_kasir_cannot_import_or_export" time="0.152" /><testcase classname="tests.backend_test.TestVoidRefund" name="test_void_restores_retail_stock_and_audits" time="0.411" /><testcase classname="tests.backend_test.TestShifts" name="test_shift_lifecycle" time="0.583" /><testcase classname="tests.backend_test.TestVoidRefund" name="test_refund_action" time="0.157" /><testcase classname="tests.backend_test.TestVoidRefund" name="test_kasir_cannot_read_audit_logs" time="0.072" /><testcase classname="tests.backend_test.TestUsers" name="test_create_toggle_user" time="1.259" /><testcase classname="tests.backend_test.TestShifts" name="test_close_without_open_shift" time="0.387" /><testcase classname="tests.backend_test.TestShifts" name="test_kasir_cannot_list_shifts" time="0.060" /><testcase classname="tests.backend_test.TestShifts" name="test_admin_list_shifts" time="0.240" /><testcase classname="tests.backend_test.TestOpenBill" name="test_dine_in_open_bill_append_and_pay" time="0.824" /><testcase classname="tests.backend_test.TestUsers" name="test_toggle_nonexistent_user" time="0.062" /><testcase classname="tests.backend_test.TestPaymentMethods" name="test_seeded_three_methods" time="0.097" /></testsuite></testsuites>