<?xml version="1.0" encoding="utf-8"?><testsuites name="pytest tests"><testsuite name="pytest" errors="0" failures="0" skipped="0" tests="99" time="34.670" timestamp="2026-08-20T02:23:42.547069+00:00" hostname="agent-env-44f3ab89-fefb-4879-ac6f-7e5fcbd5d204"><testcase classname="tests.backend_test.TestAuth" name="test_admin_login" time="0.816" /><testcase classname="tests.backend_test.TestProducts" name="test_seed_products_present" time="0.863" /><testcase classname="tests.backend_test.TestAuth" name="test_kasir_login" time="0.410" /><testcase classname="tests.backend_test.TestProducts" name="test_filter_by_type" time="0.127" /><testcase classname="tests.backend_test.TestAuth" name="test_login_bad_password" time="0.419" /><testcase classname="tests.backend_test.TestProducts" name="test_create_duplicate_sku_rejected" time="0.742" /><testcase classname="tests.backend_test.TestProducts" name="test_negative_price_rejected" time="0.068" /><testcase classname="tests.backend_test.TestProducts" name="test_invalid_category_rejected" time="0.273" /><testcase classname="tests.backend_test.TestAuth" name="test_me" time="0.691" /><testcase classname="tests.backend_test.TestProducts" name="test_invalid_type_rejected" time="0.073" /><testcase classname="tests.backend_test.TestProducts" name="test_update_and_sold_out_toggle" time="0.528" /><testcase classname="tests.backend_test.TestAuth" name="test_me_no_token" time="0.127" /><testcase classname="tests.backend_test.TestAuth" name="test_me_invalid_token" time="0.060" /><testcase classname="tests.backend_test.TestAuth" name="test_bcrypt_hash_format" time="0.120" /><testcase classname="tests.backend_test.TestProducts" name="test_delete_unused_product_hard_delete" time="0.430" /><testcase classname="tests.backend_test.TestAuth" name="test_kasir_cannot_list_users" time="0.628" /><testcase classname="tests.backend_test.TestProducts" name="test_delete_used_product_soft_deactivates" time="0.431" /><testcase classname="tests.backend_test.TestPayFlow" name="test_take_away_pay_with_percent_discount" time="0.664" /><testcase classname="tests.backend_test.TestProducts" name="test_kasir_cannot_create_product" time="0.588" /><testcase classname="tests.backend_test.TestPayFlow" name="test_amount_discount_capped_at_subtotal" time="0.194" /><testcase classname="tests.backend_test.TestPayFlow" name="test_paid_order_cannot_be_paid_again" time="0.306" /><testcase classname="tests.test_new_features.TestPurchases" name="test_purchase_increases_stock_and_sets_cost" time="0.386" /><testcase classname="tests.backend_test.TestPayFlow" name="test_paid_order_items_cannot_be_edited" time="0.235" /><testcase classname="tests.test_new_features.TestPurchases" name="test_purchase_rejected_for_non_retail" time="0.144" /><testcase classname="tests.test_new_features.TestPurchases" name="test_purchase_invalid_qty_rejected" time="0.252" /><testcase classname="tests.backend_test.TestPayFlow" name="test_invalid_payment_method_rejected" time="0.138" /><testcase classname="tests.test_new_features.TestPurchases" name="test_purchase_unknown_product_404" time="0.068" /><testcase classname="tests.backend_test.TestPayFlow" name="test_retail_stock_decrements_after_paid" time="0.453" /><testcase classname="tests.test_new_features.TestPurchases" name="test_purchase_list_today" time="0.251" /><testcase classname="tests.test_new_features.TestPurchases" name="test_purchase_kasir_forbidden" time="0.135" /><testcase classname="tests.backend_test.TestPayFlow" name="test_get_nonexistent_order_404" time="0.096" /><testcase classname="tests.backend_test.TestCategories" name="test_list_categories" time="0.113" /><testcase classname="tests.test_new_features.TestPurchases" name="test_purchase_requires_auth" time="0.650" /><testcase classname="tests.backend_test.TestCategories" name="test_create_update_category" time="0.330" /><testcase classname="tests.backend_test.TestCategories" name="test_kasir_cannot_create_category" time="0.072" /><testcase classname="tests.backend_test.TestCategories" name="test_update_nonexistent_category" time="0.119" /><testcase classname="tests.backend_test.TestCategories" name="test_delete_unused_category_hard_deletes" time="0.265" /><testcase classname="tests.backend_test.TestOrderRules" name="test_retail_order_with_fnb_item_rejected" time="0.170" /><testcase classname="tests.backend_test.TestOrderRules" name="test_take_away_with_retail_item_rejected" time="0.118" /><testcase classname="tests.backend_test.TestCategories" name="test_delete_used_category_soft_deactivates" time="0.412" /><testcase classname="tests.backend_test.TestOrderRules" name="test_dine_in_with_retail_item_rejected" time="0.194" /><testcase classname="tests.backend_test.TestOrderRules" name="test_dine_in_without_table_rejected" time="0.118" /><testcase classname="tests.backend_test.TestOrderRules" name="test_take_away_with_table_rejected" time="0.202" /><testcase classname="tests.test_new_features.TestProductCost" name="test_create_fnb_product_with_cost_persists" time="0.295" /><testcase classname="tests.backend_test.TestOrderRules" name="test_empty_cart_rejected" time="0.077" /><testcase classname="tests.test_new_features.TestProductCost" name="test_create_retail_product_with_cost" time="0.081" /><testcase classname="tests.test_new_features.TestStockOpname" name="test_opname_sets_stock_and_records_diff" time="0.393" /><testcase classname="tests.test_new_features.TestProductCost" name="test_negative_cost_rejected_on_create" time="0.085" /><testcase classname="tests.test_new_features.TestProductCost" name="test_negative_cost_rejected_on_update" time="0.135" /><testcase classname="tests.test_new_features.TestProductCost" name="test_update_cost_persists" time="0.228" /><testcase classname="tests.test_new_features.TestStockOpname" name="test_opname_positive_diff" time="0.292" /><testcase classname="tests.test_new_features.TestProductCost" name="test_products_list_returns_cost" time="0.064" /><testcase classname="tests.test_new_features.TestCashMovements" name="test_cash_in_and_out_totals" time="0.346" /><testcase classname="tests.test_new_features.TestStockOpname" name="test_opname_rejected_for_non_retail" time="0.202" /><testcase classname="tests.test_new_features.TestStockOpname" name="test_opname_negative_count_rejected" time="0.155" /><testcase classname="tests.test_new_features.TestCashMovements" name="test_cash_invalid_amount_rejected" time="0.212" /><testcase classname="tests.test_new_features.TestStockOpname" name="test_opname_list_today" time="0.322" /><testcase classname="tests.test_new_features.TestCashMovements" name="test_cash_invalid_type_rejected" time="0.079" /><testcase classname="tests.test_new_features.TestCashMovements" name="test_cash_kasir_allowed" time="0.179" /><testcase classname="tests.test_new_features.TestStockOpname" name="test_opname_kasir_forbidden" time="0.477" /><testcase classname="tests.test_new_features.TestCashMovements" name="test_cash_requires_auth" time="0.123" /><testcase classname="tests.test_new_features.TestCashMovements" name="test_cash_other_day_empty_or_scoped" time="0.446" /><testcase classname="tests.backend_test.TestReports" name="test_summary_today" time="0.069" /><testcase classname="tests.backend_test.TestReports" name="test_summary_no_date_defaults_today" time="0.070" /><testcase classname="tests.backend_test.TestReports" name="test_kasir_cannot_read_summary" time="0.067" /><testcase classname="tests.backend_test.TestReports" name="test_range_report" time="0.746" /><testcase classname="tests.backend_test.TestExcel" name="test_template_download" time="0.732" /><testcase classname="tests.backend_test.TestExcel" name="test_export" time="0.260" /><testcase classname="tests.backend_test.TestReports" name="test_orders_list_filters" time="0.191" /><testcase classname="tests.backend_test.TestTables" name="test_list_tables" time="0.112" /><testcase classname="tests.backend_test.TestTables" name="test_duplicate_name_rejected" time="0.223" /><testcase classname="tests.backend_test.TestExcel" name="test_import_preview_validations" time="0.351" /><testcase classname="tests.backend_test.TestTables" name="test_kasir_cannot_create_table" time="0.077" /><testcase classname="tests.backend_test.TestExcel" name="test_import_commit_and_log" time="0.458" /><testcase classname="tests.backend_test.TestTables" name="test_open_bill_blocks_deactivate_and_delete" time="1.215" /><testcase classname="tests.backend_test.TestExcel" name="test_kasir_cannot_import_or_export" time="0.179" /><testcase classname="tests.backend_test.TestShifts" name="test_shift_lifecycle" time="0.622" /><testcase classname="tests.backend_test.TestShifts" name="test_close_without_open_shift" time="0.134" /><testcase classname="tests.backend_test.TestVoidRefund" name="test_kasir_cannot_void" time="0.295" /><testcase classname="tests.backend_test.TestShifts" name="test_kasir_cannot_list_shifts" time="0.064" /><testcase classname="tests.backend_test.TestShifts" name="test_admin_list_shifts" time="0.137" /><testcase classname="tests.backend_test.TestAI" name="test_ai_product_description" time="7.050" /><testcase classname="tests.backend_test.TestVoidRefund" name="test_void_restores_retail_stock_and_audits" time="4.630" /><testcase classname="tests.backend_test.TestVoidRefund" name="test_refund_action" time="0.293" /><testcase classname="tests.backend_test.TestVoidRefund" name="test_kasir_cannot_read_audit_logs" time="0.064" /><testcase classname="tests.test_new_features.TestGrossProfitReport" name="test_summary_has_new_fields" time="0.063" /><testcase classname="tests.test_new_features.TestGrossProfitReport" name="test_paid_order_contributes_cost_and_profit" time="0.674" /><testcase classname="tests.test_new_features.TestGrossProfitReport" name="test_summary_kasir_forbidden" time="0.064" /><testcase classname="tests.test_new_features.TestWIBTimezone" name="test_endpoints_use_wib_today" time="0.165" /><testcase classname="tests.test_new_features.TestWIBTimezone" name="test_cash_created_today_is_in_wib_bucket" time="0.228" /><testcase classname="tests.test_new_features.TestWIBTimezone" name="test_orders_date_filter_wib" time="0.140" /><testcase classname="tests.backend_test.TestUsers" name="test_create_toggle_user" time="1.252" /><testcase classname="tests.backend_test.TestAI" name="test_ai_product_image" time="6.288" /><testcase classname="tests.backend_test.TestUsers" name="test_toggle_nonexistent_user" time="0.061" /><testcase classname="tests.backend_test.TestPaymentMethods" name="test_seeded_three_methods" time="0.084" /><testcase classname="tests.backend_test.TestOpenBill" name="test_dine_in_open_bill_append_and_pay" time="0.932" /><testcase classname="tests.test_new_features.TestRetailProductUpdateStock" name="test_update_without_stock_field_resets_stock" time="0.398" /><testcase classname="tests.backend_test.TestAI" name="test_ai_summary" time="8.824" /><testcase classname="tests.backend_test.TestAI" name="test_ai_requires_admin" time="0.070" /></testsuite></testsuites>