<?xml version="1.0" encoding="utf-8"?><testsuites name="pytest tests"><testsuite name="pytest" errors="0" failures="0" skipped="0" tests="4" time="33.648" timestamp="2026-08-19T16:02:45.041136+00:00" hostname="agent-env-44f3ab89-fefb-4879-ac6f-7e5fcbd5d204"><testcase classname="tests.backend_test.TestAI" name="test_ai_product_description" time="10.975" /><testcase classname="tests.backend_test.TestAI" name="test_ai_product_image" time="10.569" /><testcase classname="tests.backend_test.TestAI" name="test_ai_summary" time="11.075" /><testcase classname="tests.backend_test.TestAI" name="test_ai_requires_admin" time="0.523" /></testsuite></testsuites>